<?xml version="1.0" encoding="UTF-8"?>
<!-- Generated by org.testng.reporters.JUnitReportReporter -->
<testsuite hostname="TSSLTDL039" failures="0" tests="1" name="testConfiguration.TestDemo" time="0.006" errors="0" timestamp="2024-12-18T10:30:37 ICT" skipped="0">
  <testcase classname="testConfiguration.TestDemo" name="test" time="0.006"/>
</testsuite> <!-- testConfiguration.TestDemo -->
