<?xml version="1.0" encoding="UTF-8"?>
<!-- Generated by org.testng.reporters.JUnitReportReporter -->
<testsuite hostname="TSSLTDL039" failures="0" tests="3" name="BellatrixTest" time="81.285" errors="0" timestamp="2024-12-17T15:42:28 ICT" skipped="0">
  <testcase classname="BellatrixTest" name="TC02" time="33.619"/>
  <testcase classname="BellatrixTest" name="TC01" time="43.704"/>
  <testcase classname="BellatrixTest" name="TC03" time="3.962"/>
</testsuite> <!-- BellatrixTest -->
